<?xml version="1.0" encoding="UTF-8"?>
<!-- Generated by org.testng.reporters.JUnitReportReporter -->
<testsuite skipped="0" hostname="zz-PC" name="com.xie.testcase.DBPoolConnection" tests="1" failures="0" timestamp="13 十二月 2018 07:31:59 GMT" time="1.317" errors="0">
  <testcase name="testttt" time="1.317" classname="com.xie.testcase.DBPoolConnection"/>
</testsuite> <!-- com.xie.testcase.DBPoolConnection -->
