<?xml version="1.0" encoding="UTF-8"?>
<!-- Generated by org.testng.reporters.JUnitReportReporter -->
<testsuite skipped="0" hostname="sgy-PC" name="com.xie.testcase.TestStart" tests="1" failures="0" timestamp="11 十二月 2018 09:38:55 GMT" time="1.309" errors="0">
  <testcase name="testStart" time="1.309" classname="com.xie.testcase.TestStart"/>
</testsuite> <!-- com.xie.testcase.TestStart -->
