<?xml version="1.0" encoding="UTF-8"?>
<!-- Generated by org.testng.reporters.JUnitReportReporter -->
<testsuite skipped="0" hostname="sgy-PC" name="com.xie.testcase.test" tests="1" failures="0" timestamp="28 十一月 2018 02:25:56 GMT" time="1.502" errors="0">
  <testcase name="rightLogin" time="1.502" classname="com.xie.testcase.test"/>
</testsuite> <!-- com.xie.testcase.test -->
